{"C:\\Users\\lalitk\\Desktop\\DGW\\src\\react-test\\my-login-app\\src\\App.js": {"path":"C:\\Users\\lalitk\\Desktop\\DGW\\src\\react-test\\my-login-app\\src\\App.js","statementMap":{"0":{"start":{"line":4,"column":12},"end":{"line":8,"column":1}},"1":{"start":{"line":5,"column":2},"end":{"line":7,"column":8}}},"fnMap":{"0":{"name":"(anonymous_0)","decl":{"start":{"line":4,"column":12},"end":{"line":4,"column":13}},"loc":{"start":{"line":5,"column":2},"end":{"line":7,"column":8}},"line":5}},"branchMap":{},"s":{"0":1,"1":1},"f":{"0":1},"b":{},"_coverageSchema":"1a1c01bbd47fc00a2c39e90264f33305004495a9","hash":"c5fd66b04702b5245c66d7f32a1cefdc53669c57"}
,"C:\\Users\\lalitk\\Desktop\\DGW\\src\\react-test\\my-login-app\\src\\login\\Login.js": {"path":"C:\\Users\\lalitk\\Desktop\\DGW\\src\\react-test\\my-login-app\\src\\login\\Login.js","statementMap":{"0":{"start":{"line":6,"column":30},"end":{"line":6,"column":49}},"1":{"start":{"line":8,"column":18},"end":{"line":14,"column":3}},"2":{"start":{"line":9,"column":4},"end":{"line":13,"column":5}},"3":{"start":{"line":10,"column":6},"end":{"line":10,"column":40}},"4":{"start":{"line":12,"column":6},"end":{"line":12,"column":43}},"5":{"start":{"line":16,"column":2},"end":{"line":20,"column":4}}},"fnMap":{"0":{"name":"Login","decl":{"start":{"line":5,"column":9},"end":{"line":5,"column":14}},"loc":{"start":{"line":5,"column":17},"end":{"line":21,"column":1}},"line":5},"1":{"name":"(anonymous_1)","decl":{"start":{"line":8,"column":18},"end":{"line":8,"column":19}},"loc":{"start":{"line":8,"column":42},"end":{"line":14,"column":3}},"line":8}},"branchMap":{"0":{"loc":{"start":{"line":9,"column":4},"end":{"line":13,"column":5}},"type":"if","locations":[{"start":{"line":9,"column":4},"end":{"line":13,"column":5}},{"start":{"line":11,"column":11},"end":{"line":13,"column":5}}],"line":9},"1":{"loc":{"start":{"line":9,"column":8},"end":{"line":9,"column":62}},"type":"binary-expr","locations":[{"start":{"line":9,"column":8},"end":{"line":9,"column":31}},{"start":{"line":9,"column":35},"end":{"line":9,"column":62}}],"line":9}},"s":{"0":9,"1":9,"2":3,"3":2,"4":1,"5":9},"f":{"0":9,"1":3},"b":{"0":[2,1],"1":[3,2]},"_coverageSchema":"1a1c01bbd47fc00a2c39e90264f33305004495a9","hash":"5ea358732c56bf28dc85879222a8c75c0dd01c1b"}
,"C:\\Users\\lalitk\\Desktop\\DGW\\src\\react-test\\my-login-app\\src\\login\\LoginForm.js": {"path":"C:\\Users\\lalitk\\Desktop\\DGW\\src\\react-test\\my-login-app\\src\\login\\LoginForm.js","statementMap":{"0":{"start":{"line":5,"column":34},"end":{"line":5,"column":46}},"1":{"start":{"line":6,"column":34},"end":{"line":6,"column":46}},"2":{"start":{"line":8,"column":2},"end":{"line":31,"column":4}},"3":{"start":{"line":15,"column":29},"end":{"line":15,"column":60}},"4":{"start":{"line":22,"column":29},"end":{"line":22,"column":60}},"5":{"start":{"line":25,"column":23},"end":{"line":25,"column":50}},"6":{"start":{"line":34,"column":0},"end":{"line":36,"column":2}}},"fnMap":{"0":{"name":"LoginForm","decl":{"start":{"line":4,"column":9},"end":{"line":4,"column":18}},"loc":{"start":{"line":4,"column":32},"end":{"line":32,"column":1}},"line":4},"1":{"name":"(anonymous_1)","decl":{"start":{"line":15,"column":18},"end":{"line":15,"column":19}},"loc":{"start":{"line":15,"column":29},"end":{"line":15,"column":60}},"line":15},"2":{"name":"(anonymous_2)","decl":{"start":{"line":22,"column":18},"end":{"line":22,"column":19}},"loc":{"start":{"line":22,"column":29},"end":{"line":22,"column":60}},"line":22},"3":{"name":"(anonymous_3)","decl":{"start":{"line":25,"column":17},"end":{"line":25,"column":18}},"loc":{"start":{"line":25,"column":23},"end":{"line":25,"column":50}},"line":25}},"branchMap":{"0":{"loc":{"start":{"line":26,"column":18},"end":{"line":26,"column":64}},"type":"binary-expr","locations":[{"start":{"line":26,"column":18},"end":{"line":26,"column":39}},{"start":{"line":26,"column":43},"end":{"line":26,"column":64}}],"line":26}},"s":{"0":27,"1":27,"2":27,"3":6,"4":6,"5":4,"6":3},"f":{"0":27,"1":6,"2":6,"3":4},"b":{"0":[27,15]},"_coverageSchema":"1a1c01bbd47fc00a2c39e90264f33305004495a9","hash":"cb937c8c3634fadd04478ef7690813e95763aacd"}
,"C:\\Users\\lalitk\\Desktop\\DGW\\src\\react-test\\my-login-app\\src\\login\\LoginStatus.js": {"path":"C:\\Users\\lalitk\\Desktop\\DGW\\src\\react-test\\my-login-app\\src\\login\\LoginStatus.js","statementMap":{"0":{"start":{"line":4,"column":2},"end":{"line":9,"column":4}},"1":{"start":{"line":12,"column":0},"end":{"line":14,"column":2}}},"fnMap":{"0":{"name":"LoginStatus","decl":{"start":{"line":3,"column":9},"end":{"line":3,"column":20}},"loc":{"start":{"line":3,"column":33},"end":{"line":10,"column":1}},"line":3}},"branchMap":{"0":{"loc":{"start":{"line":5,"column":4},"end":{"line":8,"column":10}},"type":"binary-expr","locations":[{"start":{"line":5,"column":4},"end":{"line":5,"column":22}},{"start":{"line":6,"column":4},"end":{"line":8,"column":10}}],"line":5}},"s":{"0":12,"1":3},"f":{"0":12},"b":{"0":[12,5]},"_coverageSchema":"1a1c01bbd47fc00a2c39e90264f33305004495a9","hash":"afa01525a8424f55dcff956ff4df68ccef44f1e5"}
}
