TN:
SF:src\App.js
FN:4,(anonymous_0)
FNF:1
FNH:1
FNDA:1,(anonymous_0)
DA:4,1
DA:5,1
LF:2
LH:2
BRF:0
BRH:0
end_of_record
TN:
SF:src\login\Login.js
FN:5,Login
FN:8,(anonymous_1)
FNF:2
FNH:2
FNDA:9,Login
FNDA:3,(anonymous_1)
DA:6,9
DA:8,9
DA:9,3
DA:10,2
DA:12,1
DA:16,9
LF:6
LH:6
BRDA:9,0,0,2
BRDA:9,0,1,1
BRDA:9,1,0,3
BRDA:9,1,1,2
BRF:4
BRH:4
end_of_record
TN:
SF:src\login\LoginForm.js
FN:4,LoginForm
FN:15,(anonymous_1)
FN:22,(anonymous_2)
FN:25,(anonymous_3)
FNF:4
FNH:4
FNDA:27,LoginForm
FNDA:6,(anonymous_1)
FNDA:6,(anonymous_2)
FNDA:4,(anonymous_3)
DA:5,27
DA:6,27
DA:8,27
DA:15,6
DA:22,6
DA:25,4
DA:34,3
LF:7
LH:7
BRDA:26,0,0,27
BRDA:26,0,1,15
BRF:2
BRH:2
end_of_record
TN:
SF:src\login\LoginStatus.js
FN:3,LoginStatus
FNF:1
FNH:1
FNDA:12,LoginStatus
DA:4,12
DA:12,3
LF:2
LH:2
BRDA:5,0,0,12
BRDA:5,0,1,5
BRF:2
BRH:2
end_of_record
